INFO 2025-09-25 10:57:06,136 autoreload 23735 132289775448192 Watching for file changes with StatReloader
WARNING 2025-09-25 10:57:13,031 log 23735 132289690330816 Not Found: /
WARNING 2025-09-25 10:57:13,032 basehttp 23735 132289690330816 "GET / HTTP/1.1" 404 2826
WARNING 2025-09-25 10:57:13,349 log 23735 132289690330816 Not Found: /favicon.ico
WARNING 2025-09-25 10:57:13,349 basehttp 23735 132289690330816 "GET /favicon.ico HTTP/1.1" 404 2877
INFO 2025-09-25 10:57:31,206 basehttp 23735 132289690330816 "GET /admin HTTP/1.1" 301 0
INFO 2025-09-25 10:57:31,239 basehttp 23735 132289681938112 "GET /admin/ HTTP/1.1" 302 0
INFO 2025-09-25 10:57:31,274 basehttp 23735 132289681938112 "GET /admin/login/?next=/admin/ HTTP/1.1" 200 4173
INFO 2025-09-25 10:57:31,375 basehttp 23735 132289681938112 "GET /static/admin/css/base.css HTTP/1.1" 200 22120
INFO 2025-09-25 10:57:31,378 basehttp 23735 132289690330816 "GET /static/admin/css/dark_mode.css HTTP/1.1" 200 2808
INFO 2025-09-25 10:57:31,383 basehttp 23735 132289664104128 "GET /static/admin/css/login.css HTTP/1.1" 200 951
INFO 2025-09-25 10:57:31,384 basehttp 23735 132289672496832 "GET /static/admin/css/nav_sidebar.css HTTP/1.1" 200 2810
INFO 2025-09-25 10:57:31,384 basehttp 23735 132289647318720 "GET /static/admin/js/theme.js HTTP/1.1" 200 1653
INFO 2025-09-25 10:57:31,385 basehttp 23735 132289655711424 "GET /static/admin/css/responsive.css HTTP/1.1" 200 16565
INFO 2025-09-25 10:57:31,395 basehttp 23735 132289655711424 "GET /static/admin/js/nav_sidebar.js HTTP/1.1" 200 3063
INFO 2025-09-25 10:57:35,966 basehttp 23735 132289655711424 "POST /admin/login/?next=/admin/ HTTP/1.1" 200 4340
INFO 2025-09-25 10:57:50,597 basehttp 23735 132289655711424 "POST /admin/login/?next=/admin/ HTTP/1.1" 200 4343
INFO 2025-09-25 10:57:58,545 basehttp 23735 132289655711424 "POST /admin/login/?next=/admin/ HTTP/1.1" 200 4342
INFO 2025-09-25 10:58:03,921 basehttp 23735 132289655711424 "POST /admin/login/?next=/admin/ HTTP/1.1" 200 4340
INFO 2025-09-25 10:58:12,195 basehttp 23735 132289655711424 "POST /admin/login/?next=/admin/ HTTP/1.1" 200 4340
INFO 2025-09-25 10:58:37,637 basehttp 23735 132289655711424 "GET /admin/login/?next=/admin/ HTTP/1.1" 200 4173
INFO 2025-09-25 11:00:36,909 autoreload 24238 127988401602688 Watching for file changes with StatReloader
INFO 2025-09-25 11:00:58,267 basehttp 24238 127988317284032 "POST /admin/login/?next=/admin/ HTTP/1.1" 302 0
INFO 2025-09-25 11:00:58,356 basehttp 24238 127988317284032 "GET /admin/ HTTP/1.1" 200 10200
INFO 2025-09-25 11:00:58,492 basehttp 24238 127988317284032 "GET /static/admin/css/dashboard.css HTTP/1.1" 200 441
INFO 2025-09-25 11:00:58,522 basehttp 24238 127988317284032 "GET /static/admin/img/icon-addlink.svg HTTP/1.1" 200 331
INFO 2025-09-25 11:00:58,524 basehttp 24238 127988308891328 "GET /static/admin/img/icon-changelink.svg HTTP/1.1" 200 380
INFO 2025-09-25 11:01:13,093 basehttp 24238 127988317284032 "GET /admin/trips/carrier/ HTTP/1.1" 200 12272
INFO 2025-09-25 11:01:13,146 basehttp 24238 127988291057344 "GET /static/admin/js/jquery.init.js HTTP/1.1" 200 347
INFO 2025-09-25 11:01:13,152 basehttp 24238 127988299450048 "GET /static/admin/js/vendor/jquery/jquery.js HTTP/1.1" 200 285314
INFO 2025-09-25 11:01:13,152 basehttp 24238 127987936650944 "GET /static/admin/js/admin/RelatedObjectLookups.js HTTP/1.1" 200 9777
INFO 2025-09-25 11:01:13,153 basehttp 24238 127987945043648 "GET /static/admin/js/core.js HTTP/1.1" 200 6208
INFO 2025-09-25 11:01:13,154 basehttp 24238 127988317284032 "GET /static/admin/css/changelists.css HTTP/1.1" 200 6878
INFO 2025-09-25 11:01:13,170 basehttp 24238 127988291057344 "GET /static/admin/js/urlify.js HTTP/1.1" 200 7887
INFO 2025-09-25 11:01:13,173 basehttp 24238 127987945043648 "GET /static/admin/js/actions.js HTTP/1.1" 200 8076
INFO 2025-09-25 11:01:13,173 basehttp 24238 127987936650944 "GET /static/admin/js/prepopulate.js HTTP/1.1" 200 1531
INFO 2025-09-25 11:01:13,178 basehttp 24238 127988308891328 "GET /admin/jsi18n/ HTTP/1.1" 200 3342
INFO 2025-09-25 11:01:13,179 basehttp 24238 127988317284032 "GET /static/admin/js/vendor/xregexp/xregexp.js HTTP/1.1" 200 325171
INFO 2025-09-25 11:01:13,216 basehttp 24238 127988291057344 "GET /static/admin/img/search.svg HTTP/1.1" 200 458
INFO 2025-09-25 11:01:13,242 basehttp 24238 127987945043648 "GET /static/admin/js/filters.js HTTP/1.1" 200 978
INFO 2025-09-25 11:01:13,253 basehttp 24238 127987936650944 "GET /static/admin/img/tooltag-add.svg HTTP/1.1" 200 331
INFO 2025-09-25 11:01:13,257 basehttp 24238 127988317284032 "GET /static/admin/img/icon-viewlink.svg HTTP/1.1" 200 581
INFO 2025-09-25 11:01:15,580 basehttp 24238 127988317284032 "GET /admin/trips/driver/ HTTP/1.1" 200 11935
INFO 2025-09-25 11:01:15,637 basehttp 24238 127988317284032 "GET /admin/jsi18n/ HTTP/1.1" 200 3342
INFO 2025-09-25 11:01:17,753 basehttp 24238 127988317284032 "GET /admin/trips/dutystatusentry/ HTTP/1.1" 200 12387
INFO 2025-09-25 11:01:17,812 basehttp 24238 127988317284032 "GET /admin/jsi18n/ HTTP/1.1" 200 3342
INFO 2025-09-25 11:01:19,711 basehttp 24238 127988317284032 "GET /admin/trips/eldlogsheet/ HTTP/1.1" 200 11776
INFO 2025-09-25 11:01:19,765 basehttp 24238 127988317284032 "GET /admin/jsi18n/ HTTP/1.1" 200 3342
INFO 2025-09-25 11:01:21,159 basehttp 24238 127988317284032 "GET /admin/trips/plannedstop/ HTTP/1.1" 200 12395
INFO 2025-09-25 11:01:21,222 basehttp 24238 127988317284032 "GET /admin/jsi18n/ HTTP/1.1" 200 3342
INFO 2025-09-25 11:01:24,082 basehttp 24238 127988317284032 "GET /admin/trips/trip/ HTTP/1.1" 200 12522
INFO 2025-09-25 11:01:24,141 basehttp 24238 127988317284032 "GET /admin/jsi18n/ HTTP/1.1" 200 3342
WARNING 2025-09-25 11:01:34,418 log 24238 127988317284032 Not Found: /
WARNING 2025-09-25 11:01:34,419 basehttp 24238 127988317284032 "GET / HTTP/1.1" 404 2826
INFO 2025-09-25 11:01:48,408 basehttp 24238 127988317284032 "GET /health HTTP/1.1" 301 0
INFO 2025-09-25 11:01:48,414 basehttp 24238 127987945043648 "GET /health/ HTTP/1.1" 200 58
WARNING 2025-09-25 11:01:55,939 log 24238 127987945043648 Not Found: /
WARNING 2025-09-25 11:01:55,939 basehttp 24238 127987945043648 "GET / HTTP/1.1" 404 2826
INFO 2025-09-25 11:02:06,624 basehttp 24238 127987945043648 "GET /api HTTP/1.1" 301 0
INFO 2025-09-25 11:02:06,659 basehttp 24238 127988291057344 "GET /api/ HTTP/1.1" 200 140
INFO 2025-09-25 11:02:24,449 basehttp 24238 127988291057344 "GET /api/trips HTTP/1.1" 301 0
INFO 2025-09-25 11:02:24,480 basehttp 24238 127987936650944 "GET /api/trips/ HTTP/1.1" 200 52
INFO 2025-09-25 11:02:41,348 basehttp 24238 127987936650944 "GET /api/ HTTP/1.1" 200 140
INFO 2025-09-25 11:02:55,757 basehttp 24238 127987936650944 "GET /api/drivers HTTP/1.1" 301 0
INFO 2025-09-25 11:02:55,787 basehttp 24238 127988308891328 "GET /api/drivers/ HTTP/1.1" 200 52
INFO 2025-09-25 11:03:05,673 basehttp 24238 127988308891328 "GET /api/ HTTP/1.1" 200 140
INFO 2025-09-25 11:03:14,326 basehttp 24238 127988308891328 "GET /api/carriers HTTP/1.1" 301 0
INFO 2025-09-25 11:03:14,357 basehttp 24238 127988299450048 "GET /api/carriers/ HTTP/1.1" 200 52
INFO 2025-09-25 14:47:21,822 autoreload 5340 135791920697472 Watching for file changes with StatReloader
INFO 2025-09-25 17:13:27,477 autoreload 5042 137769680044160 Watching for file changes with StatReloader
INFO 2025-09-27 14:29:57,349 autoreload 21212 130776758083712 Watching for file changes with StatReloader
INFO 2025-09-27 14:31:27,253 autoreload 21640 132470882308224 Watching for file changes with StatReloader
WARNING 2025-09-27 14:32:35,801 log 21640 132470798280384 Not Found: /
WARNING 2025-09-27 14:32:35,802 basehttp 21640 132470798280384 "GET / HTTP/1.1" 404 2826
WARNING 2025-09-27 14:32:36,051 log 21640 132470798280384 Not Found: /favicon.ico
WARNING 2025-09-27 14:32:36,054 basehttp 21640 132470798280384 "GET /favicon.ico HTTP/1.1" 404 2877
INFO 2025-09-27 14:32:50,966 basehttp 21640 132470798280384 "GET /api/ HTTP/1.1" 200 140
INFO 2025-09-27 14:32:57,165 basehttp 21640 132470798280384 "GET /api/trips/ HTTP/1.1" 200 52
INFO 2025-09-27 14:39:27,039 autoreload 21640 132470882308224 /home/miki/SpotterAI/spotter_assessment/spotter_assessment/settings.py changed, reloading.
INFO 2025-09-27 14:39:58,554 autoreload 22307 138137590550656 Watching for file changes with StatReloader
INFO 2025-09-27 14:41:22,023 autoreload 22913 140054844227712 Watching for file changes with StatReloader
INFO 2025-09-28 04:28:32,464 autoreload 11861 125408807379072 Watching for file changes with StatReloader
INFO 2025-09-28 04:30:37,684 autoreload 11861 125408807379072 /home/miki/SpotterAI/spotter_assessment/trips/views.py changed, reloading.
INFO 2025-09-28 04:30:38,291 autoreload 11972 123450504614016 Watching for file changes with StatReloader
INFO 2025-09-28 04:30:43,688 autoreload 11972 123450504614016 /home/miki/SpotterAI/spotter_assessment/trips/views.py changed, reloading.
INFO 2025-09-28 04:30:44,312 autoreload 12009 128993844822144 Watching for file changes with StatReloader
INFO 2025-09-28 04:30:48,718 autoreload 12009 128993844822144 /home/miki/SpotterAI/spotter_assessment/trips/views.py changed, reloading.
INFO 2025-09-28 04:30:49,429 autoreload 12044 136856630227072 Watching for file changes with StatReloader
INFO 2025-09-28 04:31:19,269 autoreload 12044 136856630227072 /home/miki/SpotterAI/spotter_assessment/trips/views.py changed, reloading.
INFO 2025-09-28 04:31:19,951 autoreload 12102 139428923740288 Watching for file changes with StatReloader
INFO 2025-09-28 04:34:15,076 autoreload 12102 139428923740288 /home/miki/SpotterAI/spotter_assessment/trips/views.py changed, reloading.
INFO 2025-09-28 04:34:15,834 autoreload 12259 135623597600896 Watching for file changes with StatReloader
INFO 2025-09-28 04:34:17,189 autoreload 12259 135623597600896 /home/miki/SpotterAI/spotter_assessment/trips/views.py changed, reloading.
INFO 2025-09-28 04:34:17,887 autoreload 12273 123805627785344 Watching for file changes with StatReloader
INFO 2025-09-28 04:36:33,374 autoreload 12273 123805627785344 /home/miki/SpotterAI/spotter_assessment/trips/urls.py changed, reloading.
INFO 2025-09-28 04:36:34,079 autoreload 12379 135091255480448 Watching for file changes with StatReloader
INFO 2025-09-28 04:36:36,397 autoreload 12379 135091255480448 /home/miki/SpotterAI/spotter_assessment/trips/urls.py changed, reloading.
INFO 2025-09-28 04:36:37,069 autoreload 12419 138720062292096 Watching for file changes with StatReloader
INFO 2025-09-28 04:36:40,439 autoreload 12419 138720062292096 /home/miki/SpotterAI/spotter_assessment/trips/urls.py changed, reloading.
INFO 2025-09-28 04:36:41,177 autoreload 12433 134145271410816 Watching for file changes with StatReloader
INFO 2025-09-28 04:36:43,613 autoreload 12433 134145271410816 /home/miki/SpotterAI/spotter_assessment/trips/urls.py changed, reloading.
INFO 2025-09-28 04:36:44,319 autoreload 12487 123472762515584 Watching for file changes with StatReloader
INFO 2025-09-28 04:43:11,416 autoreload 12487 123472762515584 /home/miki/SpotterAI/spotter_assessment/trips/views.py changed, reloading.
INFO 2025-09-28 04:43:12,202 autoreload 12727 126581918990464 Watching for file changes with StatReloader
INFO 2025-09-28 04:43:13,560 autoreload 12727 126581918990464 /home/miki/SpotterAI/spotter_assessment/trips/views.py changed, reloading.
INFO 2025-09-28 04:43:14,202 autoreload 12742 140234065510528 Watching for file changes with StatReloader
INFO 2025-09-28 04:43:54,198 autoreload 12742 140234065510528 /home/miki/SpotterAI/spotter_assessment/trips/views.py changed, reloading.
INFO 2025-09-28 04:43:54,964 autoreload 12810 126119972003968 Watching for file changes with StatReloader
INFO 2025-09-28 04:44:24,829 autoreload 12810 126119972003968 /home/miki/SpotterAI/spotter_assessment/trips/views.py changed, reloading.
INFO 2025-09-28 04:44:25,510 autoreload 12879 139314771259520 Watching for file changes with StatReloader
INFO 2025-09-28 04:44:31,940 autoreload 12879 139314771259520 /home/miki/SpotterAI/spotter_assessment/trips/views.py changed, reloading.
INFO 2025-09-28 04:44:32,744 autoreload 12928 140120943575168 Watching for file changes with StatReloader
INFO 2025-09-28 04:45:26,133 autoreload 12928 140120943575168 /home/miki/SpotterAI/spotter_assessment/trips/urls.py changed, reloading.
INFO 2025-09-28 04:45:26,794 autoreload 13001 131442269347968 Watching for file changes with StatReloader
INFO 2025-09-28 04:45:28,139 autoreload 13001 131442269347968 /home/miki/SpotterAI/spotter_assessment/trips/urls.py changed, reloading.
INFO 2025-09-28 04:45:28,822 autoreload 13015 123725087920256 Watching for file changes with StatReloader
INFO 2025-09-28 04:45:32,371 autoreload 13015 123725087920256 /home/miki/SpotterAI/spotter_assessment/trips/urls.py changed, reloading.
INFO 2025-09-28 04:45:33,140 autoreload 13043 125441419911296 Watching for file changes with StatReloader
WARNING 2025-09-28 04:45:46,182 log 13043 125441334568640 Not Found: /
WARNING 2025-09-28 04:45:46,183 basehttp 13043 125441334568640 "GET / HTTP/1.1" 404 2826
WARNING 2025-09-28 04:45:46,532 log 13043 125441334568640 Not Found: /favicon.ico
WARNING 2025-09-28 04:45:46,533 basehttp 13043 125441334568640 "GET /favicon.ico HTTP/1.1" 404 2877
INFO 2025-09-28 04:45:56,534 basehttp 13043 125441334568640 "GET /api/ HTTP/1.1" 200 140
INFO 2025-09-28 05:17:02,845 basehttp 13043 125441334568640 "GET /api/drivers/ HTTP/1.1" 200 52
INFO 2025-09-28 06:27:34,039 autoreload 13043 125441419911296 /home/miki/SpotterAI/spotter_assessment/spotter_assessment/settings.py changed, reloading.
INFO 2025-09-28 06:27:34,712 autoreload 19018 128992389333120 Watching for file changes with StatReloader
INFO 2025-09-28 06:27:37,282 autoreload 19018 128992389333120 /home/miki/SpotterAI/spotter_assessment/spotter_assessment/settings.py changed, reloading.
INFO 2025-09-28 06:29:25,403 autoreload 19405 126096403177600 Watching for file changes with StatReloader
INFO 2025-09-28 06:29:43,177 autoreload 19405 126096403177600 /home/miki/SpotterAI/spotter_assessment/spotter_assessment/settings.py changed, reloading.
INFO 2025-09-28 06:29:58,171 autoreload 19572 134576031531136 Watching for file changes with StatReloader
